0 info it worked if it ends with ok
1 verbose cli [ '/usr/local/bin/node', '/usr/local/bin/npm', 'publish' ]
2 info using npm@2.14.7
3 info using node@v4.2.1
4 verbose publish [ '.' ]
5 silly cache add args [ '.', null ]
6 verbose cache add spec .
7 silly cache add parsed spec Result {
7 silly cache add   raw: '.',
7 silly cache add   scope: null,
7 silly cache add   name: null,
7 silly cache add   rawSpec: '.',
7 silly cache add   spec: '/Users/ck/Documents/webpack-php-mock/example',
7 silly cache add   type: 'directory' }
8 verbose addLocalDirectory /Users/ck/.npm/example/1.0.0/package.tgz not in flight; packing
9 verbose tar pack [ '/Users/ck/.npm/example/1.0.0/package.tgz',
9 verbose tar pack   '/Users/ck/Documents/webpack-php-mock/example' ]
10 verbose tarball /Users/ck/.npm/example/1.0.0/package.tgz
11 verbose folder /Users/ck/Documents/webpack-php-mock/example
12 info prepublish example@1.0.0
13 verbose addLocalTarball adding from inside cache /Users/ck/.npm/example/1.0.0/package.tgz
14 silly cache afterAdd example@1.0.0
15 verbose afterAdd /Users/ck/.npm/example/1.0.0/package/package.json not in flight; writing
16 verbose afterAdd /Users/ck/.npm/example/1.0.0/package/package.json written
17 silly publish { name: 'example',
17 silly publish   version: '1.0.0',
17 silly publish   description: '',
17 silly publish   main: 'index.js',
17 silly publish   scripts: { test: 'echo "Error: no test specified" && exit 1' },
17 silly publish   author: '',
17 silly publish   license: 'ISC',
17 silly publish   devDependencies:
17 silly publish    { 'babel-core': '^5.8.30',
17 silly publish      'babel-loader': '^5.3.2',
17 silly publish      'html-webpack-plugin': '^1.6.2',
17 silly publish      webpack: '^1.12.2',
17 silly publish      'webpack-php-mock': '^1.0.2-alpha' },
17 silly publish   dependencies:
17 silly publish    { alt: '^0.17.6',
17 silly publish      'babel-runtime': '^5.8.29',
17 silly publish      react: '^0.13.3',
17 silly publish      'react-router': '^0.13.4' },
17 silly publish   readme: 'ERROR: No README data found!',
17 silly publish   _id: 'example@1.0.0',
17 silly publish   _shasum: 'abe332dabeb681fca4aef39111a9f7004dedac6c',
17 silly publish   _from: '.' }
18 verbose getPublishConfig undefined
19 silly mapToRegistry name example
20 silly mapToRegistry using default registry
21 silly mapToRegistry registry https://registry.npmjs.org/
22 silly mapToRegistry uri https://registry.npmjs.org/example
23 verbose publish registryBase https://registry.npmjs.org/
24 silly publish uploading /Users/ck/.npm/example/1.0.0/package.tgz
25 verbose request uri https://registry.npmjs.org/example
26 verbose request sending authorization for write operation
27 info attempt registry request try #1 at 3:47:32 PM
28 verbose request using bearer token for auth
29 verbose request id 003800b8b9f85b03
30 http request PUT https://registry.npmjs.org/example
31 http 403 https://registry.npmjs.org/example
32 verbose headers { 'content-type': 'application/json',
32 verbose headers   'cache-control': 'max-age=60',
32 verbose headers   'content-length': '99',
32 verbose headers   'accept-ranges': 'bytes',
32 verbose headers   date: 'Sun, 08 Nov 2015 07:47:34 GMT',
32 verbose headers   via: '1.1 varnish',
32 verbose headers   connection: 'keep-alive',
32 verbose headers   'x-served-by': 'cache-itm7420-ITM',
32 verbose headers   'x-cache': 'MISS',
32 verbose headers   'x-cache-hits': '0',
32 verbose headers   'x-timer': 'S1446968852.842167,VS0,VE1325' }
33 verbose request invalidating /Users/ck/.npm/registry.npmjs.org/example on PUT
34 error publish Failed PUT 403
35 verbose stack Error: You do not have permission to publish 'example'. Are you logged in as the correct user? : example
35 verbose stack     at makeError (/usr/local/lib/node_modules/npm/node_modules/npm-registry-client/lib/request.js:264:12)
35 verbose stack     at CachingRegistryClient.<anonymous> (/usr/local/lib/node_modules/npm/node_modules/npm-registry-client/lib/request.js:252:14)
35 verbose stack     at Request._callback (/usr/local/lib/node_modules/npm/node_modules/npm-registry-client/lib/request.js:172:14)
35 verbose stack     at Request.self.callback (/usr/local/lib/node_modules/npm/node_modules/request/request.js:198:22)
35 verbose stack     at emitTwo (events.js:87:13)
35 verbose stack     at Request.emit (events.js:172:7)
35 verbose stack     at Request.<anonymous> (/usr/local/lib/node_modules/npm/node_modules/request/request.js:1063:14)
35 verbose stack     at emitOne (events.js:82:20)
35 verbose stack     at Request.emit (events.js:169:7)
35 verbose stack     at IncomingMessage.<anonymous> (/usr/local/lib/node_modules/npm/node_modules/request/request.js:1009:12)
36 verbose statusCode 403
37 verbose pkgid example
38 verbose cwd /Users/ck/Documents/webpack-php-mock/example
39 error Darwin 15.0.0
40 error argv "/usr/local/bin/node" "/usr/local/bin/npm" "publish"
41 error node v4.2.1
42 error npm  v2.14.7
43 error code E403
44 error You do not have permission to publish 'example'. Are you logged in as the correct user? : example
45 error If you need help, you may report this error at:
45 error     <https://github.com/npm/npm/issues>
46 verbose exit [ 1, true ]
